DEBUG   2021-02-15 19:31:55,464 [config_parser] Reading properties from file: C:\Users\mxoxozix\Desktop\Automation-Testing-Demo-master\android_behave\conf\properties.cfg
DEBUG   2021-02-15 19:31:55,465 [config_parser] Reading properties from file: C:\Users\mxoxozix\Desktop\Automation-Testing-Demo-master\android_behave\conf\android-properties.cfg
DEBUG   2021-02-15 19:31:55,466 [config_parser] Properties config file not found: C:\Users\mxoxozix\Desktop\Automation-Testing-Demo-master\android_behave\conf\local-android-properties.cfg
INFO    2021-02-15 19:31:55,473 [config_driver] Creating local driver (type = android)
DEBUG   2021-02-15 19:31:55,474 [config_driver] Added Appium server capability: automationName = UiAutomator1
DEBUG   2021-02-15 19:31:55,474 [config_driver] Added Appium server capability: platformName = Android
DEBUG   2021-02-15 19:31:55,474 [config_driver] Added Appium server capability: deviceName = Android Emulator
DEBUG   2021-02-15 19:31:55,474 [config_driver] Added Appium server capability: app = C:\Users\mxoxozix\Desktop\assessments\mobile_behave\applications\android-ump-mobile-debug-67a35ff.apk
DEBUG   2021-02-15 19:31:55,474 [config_driver] Added Appium server capability: appWaitActivity = *,
DEBUG   2021-02-15 19:31:55,475 [config_driver] Added Appium server capability: maxInstances = 1,
DEBUG   2021-02-15 19:31:55,477 [connectionpool] Starting new HTTP connection (1): 127.0.0.1:4723
DEBUG   2021-02-15 19:32:08,649 [connectionpool] http://127.0.0.1:4723 "POST /wd/hub/session HTTP/1.1" 200 1080
DEBUG   2021-02-15 19:32:11,540 [connectionpool] http://127.0.0.1:4723 "POST /wd/hub/session/cfc21fa8-f8b9-457e-929d-c6287af6a20d/appium/app/strings HTTP/1.1" 200 12523
DEBUG   2021-02-15 19:32:11,557 [connectionpool] http://127.0.0.1:4723 "GET /wd/hub/session/cfc21fa8-f8b9-457e-929d-c6287af6a20d/window/rect HTTP/1.1" 200 50
DEBUG   2021-02-15 19:32:11,558 [driver_wrapper] Window size: 1536 x 1952
DEBUG   2021-02-15 19:32:12,905 [connectionpool] http://127.0.0.1:4723 "POST /wd/hub/session/cfc21fa8-f8b9-457e-929d-c6287af6a20d/log HTTP/1.1" 200 758701
DEBUG   2021-02-15 19:32:14,774 [connectionpool] http://127.0.0.1:4723 "POST /wd/hub/session/cfc21fa8-f8b9-457e-929d-c6287af6a20d/timeouts HTTP/1.1" 200 14
INFO    2021-02-15 19:32:14,776 [environment] Running new scenario: Start and stop alarm services
INFO    2021-02-15 19:32:14,781 [alarmServices] 
===============================Genre=================================
DEBUG   2021-02-15 19:32:14,781 [alarmServices] Opening genres
DEBUG   2021-02-15 19:32:14,781 [alarmServices] Checking if the button is present : <toolium.pageelements.button_page_element.Button object at 0x0000027F27915C40>
DEBUG   2021-02-15 19:32:14,781 [alarmServices] 
-----------------------------------------------------------------------------------
INFO    2021-02-15 19:32:22,775 [alarmServices] 
===============================Genre=================================
DEBUG   2021-02-15 19:32:22,776 [alarmServices] Choose a genre
DEBUG   2021-02-15 19:32:22,776 [alarmServices] Checking if the pageElement is present : <toolium.pageelements.button_page_element.Button object at 0x0000027F279733D0>
DEBUG   2021-02-15 19:32:22,776 [alarmServices] 
-----------------------------------------------------------------------------------
INFO    2021-02-15 19:32:28,407 [alarmServices] 
===============================Genre=================================
DEBUG   2021-02-15 19:32:28,407 [alarmServices] Playing song.
DEBUG   2021-02-15 19:32:28,407 [alarmServices] Checking if the pageElement is present : <toolium.pageelements.button_page_element.Button object at 0x0000027F27973490>
DEBUG   2021-02-15 19:32:28,407 [alarmServices] 
-----------------------------------------------------------------------------------
INFO    2021-02-15 19:32:34,345 [environment] The scenario 'Start and stop alarm services' has passed
DEBUG   2021-02-15 19:36:42,170 [config_parser] Reading properties from file: C:\Users\mxoxozix\Desktop\Automation-Testing-Demo-master\android_behave\conf\properties.cfg
DEBUG   2021-02-15 19:36:42,171 [config_parser] Reading properties from file: C:\Users\mxoxozix\Desktop\Automation-Testing-Demo-master\android_behave\conf\android-properties.cfg
DEBUG   2021-02-15 19:36:42,171 [config_parser] Properties config file not found: C:\Users\mxoxozix\Desktop\Automation-Testing-Demo-master\android_behave\conf\local-android-properties.cfg
DEBUG   2021-02-15 19:36:48,376 [config_parser] Reading properties from file: C:\Users\mxoxozix\Desktop\Automation-Testing-Demo-master\android_behave\conf\properties.cfg
DEBUG   2021-02-15 19:36:48,376 [config_parser] Reading properties from file: C:\Users\mxoxozix\Desktop\Automation-Testing-Demo-master\android_behave\conf\android-properties.cfg
DEBUG   2021-02-15 19:36:48,377 [config_parser] Properties config file not found: C:\Users\mxoxozix\Desktop\Automation-Testing-Demo-master\android_behave\conf\local-android-properties.cfg
INFO    2021-02-15 19:36:48,382 [config_driver] Creating local driver (type = android)
DEBUG   2021-02-15 19:36:48,382 [config_driver] Added Appium server capability: automationName = UiAutomator1
DEBUG   2021-02-15 19:36:48,382 [config_driver] Added Appium server capability: platformName = Android
DEBUG   2021-02-15 19:36:48,382 [config_driver] Added Appium server capability: deviceName = Android Emulator
DEBUG   2021-02-15 19:36:48,382 [config_driver] Added Appium server capability: app = C:\Users\mxoxozix\Desktop\assessments\mobile_behave\applications\android-ump-mobile-debug-67a35ff.apk
DEBUG   2021-02-15 19:36:48,383 [config_driver] Added Appium server capability: appWaitActivity = *,
DEBUG   2021-02-15 19:36:48,383 [config_driver] Added Appium server capability: maxInstances = 1,
DEBUG   2021-02-15 19:36:48,384 [connectionpool] Starting new HTTP connection (1): 127.0.0.1:4723
DEBUG   2021-02-15 19:37:00,935 [connectionpool] http://127.0.0.1:4723 "POST /wd/hub/session HTTP/1.1" 200 1080
DEBUG   2021-02-15 19:37:03,919 [connectionpool] http://127.0.0.1:4723 "POST /wd/hub/session/6230b39f-cc16-4003-b938-731d5d0f4c06/appium/app/strings HTTP/1.1" 200 12523
DEBUG   2021-02-15 19:37:03,936 [connectionpool] http://127.0.0.1:4723 "GET /wd/hub/session/6230b39f-cc16-4003-b938-731d5d0f4c06/window/rect HTTP/1.1" 200 50
DEBUG   2021-02-15 19:37:03,936 [driver_wrapper] Window size: 1536 x 1952
DEBUG   2021-02-15 19:37:05,315 [connectionpool] http://127.0.0.1:4723 "POST /wd/hub/session/6230b39f-cc16-4003-b938-731d5d0f4c06/log HTTP/1.1" 200 764561
DEBUG   2021-02-15 19:37:07,264 [connectionpool] http://127.0.0.1:4723 "POST /wd/hub/session/6230b39f-cc16-4003-b938-731d5d0f4c06/timeouts HTTP/1.1" 200 14
INFO    2021-02-15 19:37:07,266 [environment] Running new scenario: Navigate Universal Music player and play a song
INFO    2021-02-15 19:37:07,272 [musicPlayer] 
===============================Genre=================================
DEBUG   2021-02-15 19:37:07,272 [musicPlayer] Opening genres
DEBUG   2021-02-15 19:37:07,272 [musicPlayer] Checking if the button is present : <toolium.pageelements.button_page_element.Button object at 0x000002B6BF405C40>
DEBUG   2021-02-15 19:37:07,272 [musicPlayer] 
-----------------------------------------------------------------------------------
INFO    2021-02-15 19:37:15,080 [musicPlayer] 
===============================Genre=================================
DEBUG   2021-02-15 19:37:15,081 [musicPlayer] Choose a genre
DEBUG   2021-02-15 19:37:15,081 [musicPlayer] Checking if the pageElement is present : <toolium.pageelements.button_page_element.Button object at 0x000002B6BF463400>
DEBUG   2021-02-15 19:37:15,081 [musicPlayer] 
-----------------------------------------------------------------------------------
INFO    2021-02-15 19:37:20,754 [musicPlayer] 
===============================Genre=================================
DEBUG   2021-02-15 19:37:20,755 [musicPlayer] Playing song.
DEBUG   2021-02-15 19:37:20,755 [musicPlayer] Checking if the pageElement is present : <toolium.pageelements.button_page_element.Button object at 0x000002B6BF4634C0>
DEBUG   2021-02-15 19:37:20,755 [musicPlayer] 
-----------------------------------------------------------------------------------
INFO    2021-02-15 19:37:27,380 [environment] The scenario 'Navigate Universal Music player and play a song' has passed
DEBUG   2021-02-15 19:44:59,477 [config_parser] Reading properties from file: C:\Users\mxoxozix\Desktop\Automation-Testing-Demo-master\android_behave\conf\properties.cfg
DEBUG   2021-02-15 19:44:59,478 [config_parser] Reading properties from file: C:\Users\mxoxozix\Desktop\Automation-Testing-Demo-master\android_behave\conf\android-properties.cfg
DEBUG   2021-02-15 19:44:59,479 [config_parser] Properties config file not found: C:\Users\mxoxozix\Desktop\Automation-Testing-Demo-master\android_behave\conf\local-android-properties.cfg
INFO    2021-02-15 19:44:59,486 [config_driver] Creating local driver (type = android)
DEBUG   2021-02-15 19:44:59,486 [config_driver] Added Appium server capability: automationName = UiAutomator1
DEBUG   2021-02-15 19:44:59,486 [config_driver] Added Appium server capability: platformName = Android
DEBUG   2021-02-15 19:44:59,486 [config_driver] Added Appium server capability: deviceName = Android Emulator
DEBUG   2021-02-15 19:44:59,486 [config_driver] Added Appium server capability: app = C:\Users\mxoxozix\Desktop\assessments\mobile_behave\applications\android-ump-mobile-debug-67a35ff.apk
DEBUG   2021-02-15 19:44:59,486 [config_driver] Added Appium server capability: appWaitActivity = *,
DEBUG   2021-02-15 19:44:59,486 [config_driver] Added Appium server capability: maxInstances = 1,
DEBUG   2021-02-15 19:44:59,489 [connectionpool] Starting new HTTP connection (1): 127.0.0.1:4723
DEBUG   2021-02-15 19:45:11,354 [connectionpool] http://127.0.0.1:4723 "POST /wd/hub/session HTTP/1.1" 200 1080
DEBUG   2021-02-15 19:45:14,113 [connectionpool] http://127.0.0.1:4723 "POST /wd/hub/session/f6a6f2e5-4e24-4da5-bd50-9de913ecb8a4/appium/app/strings HTTP/1.1" 200 12523
DEBUG   2021-02-15 19:45:14,131 [connectionpool] http://127.0.0.1:4723 "GET /wd/hub/session/f6a6f2e5-4e24-4da5-bd50-9de913ecb8a4/window/rect HTTP/1.1" 200 50
DEBUG   2021-02-15 19:45:14,131 [driver_wrapper] Window size: 1536 x 1952
DEBUG   2021-02-15 19:45:15,492 [connectionpool] http://127.0.0.1:4723 "POST /wd/hub/session/f6a6f2e5-4e24-4da5-bd50-9de913ecb8a4/log HTTP/1.1" 200 780234
DEBUG   2021-02-15 19:45:17,491 [connectionpool] http://127.0.0.1:4723 "POST /wd/hub/session/f6a6f2e5-4e24-4da5-bd50-9de913ecb8a4/timeouts HTTP/1.1" 200 14
INFO    2021-02-15 19:45:17,493 [environment] Running new scenario: Navigate Universal Music player and play a song
INFO    2021-02-15 19:45:17,500 [musicPlayer] 
===============================Genre=================================
DEBUG   2021-02-15 19:45:17,500 [musicPlayer] Opening genres
DEBUG   2021-02-15 19:45:17,500 [musicPlayer] Checking if the button is present : <toolium.pageelements.button_page_element.Button object at 0x0000018DDC6FD070>
DEBUG   2021-02-15 19:45:17,500 [musicPlayer] 
-----------------------------------------------------------------------------------
INFO    2021-02-15 19:45:25,518 [musicPlayer] 
===============================Genre=================================
DEBUG   2021-02-15 19:45:25,518 [musicPlayer] Choose a genre
DEBUG   2021-02-15 19:45:25,518 [musicPlayer] Checking if the pageElement is present : <toolium.pageelements.button_page_element.Button object at 0x0000018DDC6FD310>
DEBUG   2021-02-15 19:45:25,518 [musicPlayer] 
-----------------------------------------------------------------------------------
INFO    2021-02-15 19:45:31,158 [musicPlayer] 
===============================Genre=================================
DEBUG   2021-02-15 19:45:31,159 [musicPlayer] Playing song.
DEBUG   2021-02-15 19:45:31,159 [musicPlayer] Checking if the pageElement is present : <toolium.pageelements.button_page_element.Button object at 0x0000018DDC6FDA90>
DEBUG   2021-02-15 19:45:31,159 [musicPlayer] 
-----------------------------------------------------------------------------------
INFO    2021-02-15 19:45:45,582 [environment] The scenario 'Navigate Universal Music player and play a song' has passed
DEBUG   2021-02-15 19:47:53,631 [config_parser] Reading properties from file: C:\Users\mxoxozix\Desktop\Automation-Testing-Demo-master\android_behave\conf\properties.cfg
DEBUG   2021-02-15 19:47:53,632 [config_parser] Reading properties from file: C:\Users\mxoxozix\Desktop\Automation-Testing-Demo-master\android_behave\conf\android-properties.cfg
DEBUG   2021-02-15 19:47:53,632 [config_parser] Properties config file not found: C:\Users\mxoxozix\Desktop\Automation-Testing-Demo-master\android_behave\conf\local-android-properties.cfg
INFO    2021-02-15 19:47:53,639 [config_driver] Creating local driver (type = android)
DEBUG   2021-02-15 19:47:53,639 [config_driver] Added Appium server capability: automationName = UiAutomator1
DEBUG   2021-02-15 19:47:53,639 [config_driver] Added Appium server capability: platformName = Android
DEBUG   2021-02-15 19:47:53,639 [config_driver] Added Appium server capability: deviceName = Android Emulator
DEBUG   2021-02-15 19:47:53,639 [config_driver] Added Appium server capability: app = C:\Users\mxoxozix\Desktop\assessments\mobile_behave\applications\android-ump-mobile-debug-67a35ff.apk
DEBUG   2021-02-15 19:47:53,639 [config_driver] Added Appium server capability: appWaitActivity = *,
DEBUG   2021-02-15 19:47:53,640 [config_driver] Added Appium server capability: maxInstances = 1,
DEBUG   2021-02-15 19:47:53,643 [connectionpool] Starting new HTTP connection (1): 127.0.0.1:4723
DEBUG   2021-02-15 19:48:05,785 [connectionpool] http://127.0.0.1:4723 "POST /wd/hub/session HTTP/1.1" 200 1080
DEBUG   2021-02-15 19:48:09,397 [connectionpool] http://127.0.0.1:4723 "POST /wd/hub/session/ee8b7917-63e7-4f4b-93f6-002f66848014/appium/app/strings HTTP/1.1" 200 12523
DEBUG   2021-02-15 19:48:09,418 [connectionpool] http://127.0.0.1:4723 "GET /wd/hub/session/ee8b7917-63e7-4f4b-93f6-002f66848014/window/rect HTTP/1.1" 200 50
DEBUG   2021-02-15 19:48:09,419 [driver_wrapper] Window size: 1536 x 1952
DEBUG   2021-02-15 19:48:11,017 [connectionpool] http://127.0.0.1:4723 "POST /wd/hub/session/ee8b7917-63e7-4f4b-93f6-002f66848014/log HTTP/1.1" 200 780503
DEBUG   2021-02-15 19:48:13,015 [connectionpool] http://127.0.0.1:4723 "POST /wd/hub/session/ee8b7917-63e7-4f4b-93f6-002f66848014/timeouts HTTP/1.1" 200 14
INFO    2021-02-15 19:48:13,017 [environment] Running new scenario: Navigate Universal Music player and play a song
INFO    2021-02-15 19:48:13,026 [musicPlayer] 
===============================Genre=================================
DEBUG   2021-02-15 19:48:13,027 [musicPlayer] Opening genres
DEBUG   2021-02-15 19:48:13,027 [musicPlayer] Checking if the button is present : <toolium.pageelements.button_page_element.Button object at 0x00000239D118D6A0>
DEBUG   2021-02-15 19:48:13,027 [musicPlayer] 
-----------------------------------------------------------------------------------
INFO    2021-02-15 19:48:21,088 [musicPlayer] 
===============================Genre=================================
DEBUG   2021-02-15 19:48:21,088 [musicPlayer] Choose a genre
DEBUG   2021-02-15 19:48:21,089 [musicPlayer] Checking if the pageElement is present : <toolium.pageelements.button_page_element.Button object at 0x00000239D118D3A0>
DEBUG   2021-02-15 19:48:21,089 [musicPlayer] 
-----------------------------------------------------------------------------------
INFO    2021-02-15 19:48:26,786 [musicPlayer] 
===============================Genre=================================
DEBUG   2021-02-15 19:48:26,786 [musicPlayer] Playing song.
DEBUG   2021-02-15 19:48:26,786 [musicPlayer] Checking if the pageElement is present : <toolium.pageelements.button_page_element.Button object at 0x00000239D118DBE0>
DEBUG   2021-02-15 19:48:26,786 [musicPlayer] 
-----------------------------------------------------------------------------------
INFO    2021-02-15 19:48:40,780 [environment] The scenario 'Navigate Universal Music player and play a song' has passed
DEBUG   2021-02-15 20:06:24,418 [config_parser] Reading properties from file: C:\Users\mxoxozix\Desktop\Automation-Testing-Demo-master\android_behave\conf\properties.cfg
DEBUG   2021-02-15 20:06:24,419 [config_parser] Reading properties from file: C:\Users\mxoxozix\Desktop\Automation-Testing-Demo-master\android_behave\conf\android-properties.cfg
DEBUG   2021-02-15 20:06:24,419 [config_parser] Properties config file not found: C:\Users\mxoxozix\Desktop\Automation-Testing-Demo-master\android_behave\conf\local-android-properties.cfg
INFO    2021-02-15 20:06:24,427 [config_driver] Creating local driver (type = android)
DEBUG   2021-02-15 20:06:24,427 [config_driver] Added Appium server capability: automationName = UiAutomator1
DEBUG   2021-02-15 20:06:24,427 [config_driver] Added Appium server capability: platformName = Android
DEBUG   2021-02-15 20:06:24,427 [config_driver] Added Appium server capability: deviceName = Android Emulator
DEBUG   2021-02-15 20:06:24,428 [config_driver] Added Appium server capability: app = C:\Users\mxoxozix\Desktop\assessments\mobile_behave\applications\android-ump-mobile-debug-67a35ff.apk
DEBUG   2021-02-15 20:06:24,428 [config_driver] Added Appium server capability: appWaitActivity = *,
DEBUG   2021-02-15 20:06:24,428 [config_driver] Added Appium server capability: maxInstances = 1,
DEBUG   2021-02-15 20:06:24,431 [connectionpool] Starting new HTTP connection (1): 127.0.0.1:4723
DEBUG   2021-02-15 20:07:25,491 [config_parser] Reading properties from file: C:\Users\mxoxozix\Desktop\Automation-Testing-Demo-master\android_behave\conf\properties.cfg
DEBUG   2021-02-15 20:07:25,492 [config_parser] Reading properties from file: C:\Users\mxoxozix\Desktop\Automation-Testing-Demo-master\android_behave\conf\android-properties.cfg
DEBUG   2021-02-15 20:07:25,492 [config_parser] Properties config file not found: C:\Users\mxoxozix\Desktop\Automation-Testing-Demo-master\android_behave\conf\local-android-properties.cfg
INFO    2021-02-15 20:07:25,498 [config_driver] Creating local driver (type = android)
DEBUG   2021-02-15 20:07:25,498 [config_driver] Added Appium server capability: automationName = UiAutomator1
DEBUG   2021-02-15 20:07:25,499 [config_driver] Added Appium server capability: platformName = Android
DEBUG   2021-02-15 20:07:25,499 [config_driver] Added Appium server capability: deviceName = Android Emulator
DEBUG   2021-02-15 20:07:25,499 [config_driver] Added Appium server capability: app = C:\Users\mxoxozix\Desktop\assessments\mobile_behave\applications\android-ump-mobile-debug-67a35ff.apk
DEBUG   2021-02-15 20:07:25,499 [config_driver] Added Appium server capability: appWaitActivity = *,
DEBUG   2021-02-15 20:07:25,500 [config_driver] Added Appium server capability: maxInstances = 1,
DEBUG   2021-02-15 20:07:25,502 [connectionpool] Starting new HTTP connection (1): 127.0.0.1:4723
DEBUG   2021-02-15 20:07:39,245 [connectionpool] http://127.0.0.1:4723 "POST /wd/hub/session HTTP/1.1" 200 1080
DEBUG   2021-02-15 20:07:42,347 [connectionpool] http://127.0.0.1:4723 "POST /wd/hub/session/90f0d535-adc2-4f8f-b204-7055ca6b121a/appium/app/strings HTTP/1.1" 200 12523
DEBUG   2021-02-15 20:07:42,375 [connectionpool] http://127.0.0.1:4723 "GET /wd/hub/session/90f0d535-adc2-4f8f-b204-7055ca6b121a/window/rect HTTP/1.1" 200 50
DEBUG   2021-02-15 20:07:42,375 [driver_wrapper] Window size: 1536 x 1952
DEBUG   2021-02-15 20:07:43,816 [connectionpool] http://127.0.0.1:4723 "POST /wd/hub/session/90f0d535-adc2-4f8f-b204-7055ca6b121a/log HTTP/1.1" 200 793920
DEBUG   2021-02-15 20:07:46,516 [connectionpool] http://127.0.0.1:4723 "POST /wd/hub/session/90f0d535-adc2-4f8f-b204-7055ca6b121a/timeouts HTTP/1.1" 200 14
INFO    2021-02-15 20:07:46,518 [environment] Running new scenario: Navigate Universal Music player and play a song
INFO    2021-02-15 20:07:46,525 [musicPlayer] 
===============================Genre=================================
DEBUG   2021-02-15 20:07:46,525 [musicPlayer] Opening genres
DEBUG   2021-02-15 20:07:46,525 [musicPlayer] Checking if the button is present : <toolium.pageelements.button_page_element.Button object at 0x000002297EAC8220>
DEBUG   2021-02-15 20:07:46,525 [musicPlayer] 
-----------------------------------------------------------------------------------
INFO    2021-02-15 20:07:55,803 [musicPlayer] 
===============================Genre=================================
DEBUG   2021-02-15 20:07:55,804 [musicPlayer] Choose a genre
DEBUG   2021-02-15 20:07:55,804 [musicPlayer] Checking if the pageElement is present : <toolium.pageelements.button_page_element.Button object at 0x000002297EAC8790>
DEBUG   2021-02-15 20:07:55,805 [musicPlayer] 
-----------------------------------------------------------------------------------
INFO    2021-02-15 20:08:01,997 [musicPlayer] 
===============================Genre=================================
DEBUG   2021-02-15 20:08:01,997 [musicPlayer] Playing song.
DEBUG   2021-02-15 20:08:01,997 [musicPlayer] Checking if the pageElement is present : <toolium.pageelements.button_page_element.Button object at 0x000002297EAC8C40>
DEBUG   2021-02-15 20:08:01,997 [musicPlayer] 
-----------------------------------------------------------------------------------
INFO    2021-02-15 20:08:16,217 [environment] The scenario 'Navigate Universal Music player and play a song' has passed
DEBUG   2021-02-15 20:25:02,737 [config_parser] Reading properties from file: C:\Users\mxoxozix\Desktop\assessments\android_behave\conf\properties.cfg
DEBUG   2021-02-15 20:25:02,738 [config_parser] Reading properties from file: C:\Users\mxoxozix\Desktop\assessments\android_behave\conf\android-properties.cfg
DEBUG   2021-02-15 20:25:02,738 [config_parser] Properties config file not found: C:\Users\mxoxozix\Desktop\assessments\android_behave\conf\local-android-properties.cfg
INFO    2021-02-15 20:25:02,746 [config_driver] Creating local driver (type = android)
DEBUG   2021-02-15 20:25:02,746 [config_driver] Added Appium server capability: automationName = UiAutomator1
DEBUG   2021-02-15 20:25:02,746 [config_driver] Added Appium server capability: platformName = Android
DEBUG   2021-02-15 20:25:02,747 [config_driver] Added Appium server capability: deviceName = Android Emulator
DEBUG   2021-02-15 20:25:02,747 [config_driver] Added Appium server capability: app = C:\Users\mxoxozix\Desktop\assessments\mobile_behave\applications\android-ump-mobile-debug-67a35ff.apk
DEBUG   2021-02-15 20:25:02,747 [config_driver] Added Appium server capability: appWaitActivity = *,
DEBUG   2021-02-15 20:25:02,747 [config_driver] Added Appium server capability: maxInstances = 1,
DEBUG   2021-02-15 20:25:02,750 [connectionpool] Starting new HTTP connection (1): 127.0.0.1:4723
DEBUG   2021-02-15 20:25:05,414 [connectionpool] http://127.0.0.1:4723 "POST /wd/hub/session HTTP/1.1" 500 897
ERROR   2021-02-15 20:25:05,415 [config_driver] Android driver can not be launched: Message: An unknown server-side error occurred while processing the command. Original error: The application at 'C:\Users\mxoxozix\Desktop\assessments\mobile_behave\applications\android-ump-mobile-debug-67a35ff.apk' does not exist or is not accessible
ERROR   2021-02-15 20:25:05,417 [environment] The scenario 'Navigate Universal Music player and play a song' has failed
